Start testing: Oct 09 19:39 EDT
----------------------------------------------------------
1/2 Testing: PIDTest.test_compute_kp
1/2 Test: PIDTest.test_compute_kp
Command: "/home/dawn/808X/Week 4/Test-Driven-Development-For-Robotics/build/test/cpp-test" "--gtest_filter=PIDTest.test_compute_kp" "--gtest_also_run_disabled_tests"
Directory: /home/dawn/808X/Week 4/Test-Driven-Development-For-Robotics/build/test
"PIDTest.test_compute_kp" start time: Oct 09 19:39 EDT
Output:
----------------------------------------------------------
The inputs from the user are Kp:2 Kd:0 Ki:0 dt:0.1
Note: Google Test filter = PIDTest.test_compute_kp
[==========] Running 1 test from 1 test suite.
[----------] Global test environment set-up.
[----------] 1 test from PIDTest
[ RUN      ] PIDTest.test_compute_kp
[       OK ] PIDTest.test_compute_kp (0 ms)
[----------] 1 test from PIDTest (0 ms total)

[----------] Global test environment tear-down
[==========] 1 test from 1 test suite ran. (0 ms total)
[  PASSED  ] 1 test.
<end of output>
Test time =   0.00 sec
----------------------------------------------------------
Test Passed.
"PIDTest.test_compute_kp" end time: Oct 09 19:39 EDT
"PIDTest.test_compute_kp" time elapsed: 00:00:00
----------------------------------------------------------

2/2 Testing: PIDTest.test_dt
2/2 Test: PIDTest.test_dt
Command: "/home/dawn/808X/Week 4/Test-Driven-Development-For-Robotics/build/test/cpp-test" "--gtest_filter=PIDTest.test_dt" "--gtest_also_run_disabled_tests"
Directory: /home/dawn/808X/Week 4/Test-Driven-Development-For-Robotics/build/test
"PIDTest.test_dt" start time: Oct 09 19:39 EDT
Output:
----------------------------------------------------------
The inputs from the user are Kp:2 Kd:0 Ki:0 dt:0.1
Note: Google Test filter = PIDTest.test_dt
[==========] Running 1 test from 1 test suite.
[----------] Global test environment set-up.
[----------] 1 test from PIDTest
[ RUN      ] PIDTest.test_dt
[       OK ] PIDTest.test_dt (0 ms)
[----------] 1 test from PIDTest (0 ms total)

[----------] Global test environment tear-down
[==========] 1 test from 1 test suite ran. (0 ms total)
[  PASSED  ] 1 test.
<end of output>
Test time =   0.00 sec
----------------------------------------------------------
Test Passed.
"PIDTest.test_dt" end time: Oct 09 19:39 EDT
"PIDTest.test_dt" time elapsed: 00:00:00
----------------------------------------------------------

End testing: Oct 09 19:39 EDT
